Traceback (most recent call last):
  File "C:\Users\54113\AppData\Local\Programs\Python\Python311\Lib\site-packages\jupyter_cache\executors\utils.py", line 58, in single_nb_execution
    executenb(
  File "C:\Users\54113\AppData\Local\Programs\Python\Python311\Lib\site-packages\nbclient\client.py", line 1314, in execute
    return NotebookClient(nb=nb, resources=resources, km=km, **kwargs).execute()
           ^^^^^^^^^^^^^^^^^^^^^^^^^^^^^^^^^^^^^^^^^^^^^^^^^^^^^^^^^^^^^^^^^^^^^
  File "C:\Users\54113\AppData\Local\Programs\Python\Python311\Lib\site-packages\jupyter_core\utils\__init__.py", line 165, in wrapped
    return loop.run_until_complete(inner)
           ^^^^^^^^^^^^^^^^^^^^^^^^^^^^^^
  File "C:\Users\54113\AppData\Local\Programs\Python\Python311\Lib\asyncio\base_events.py", line 653, in run_until_complete
    return future.result()
           ^^^^^^^^^^^^^^^
  File "C:\Users\54113\AppData\Local\Programs\Python\Python311\Lib\site-packages\nbclient\client.py", line 709, in async_execute
    await self.async_execute_cell(
  File "C:\Users\54113\AppData\Local\Programs\Python\Python311\Lib\site-packages\nbclient\client.py", line 1062, in async_execute_cell
    await self._check_raise_for_error(cell, cell_index, exec_reply)
  File "C:\Users\54113\AppData\Local\Programs\Python\Python311\Lib\site-packages\nbclient\client.py", line 918, in _check_raise_for_error
    raise CellExecutionError.from_cell_and_msg(cell, exec_reply_content)
nbclient.exceptions.CellExecutionError: An error occurred while executing the following cell:
------------------

def calc_str_rate (dNdX,velocities):
    str_rate = np.zeros((m_gp_count,m_dim, m_dim))
    for gp in range (m_gp_count):
        grad_v = velocity_gradient_tensor(dNdX, velocities)
        print("Velocity gradients\n" ,grad_v[0])

        str_rate[gp] = 0.5*(grad_v[0]+grad_v[0].T)
    print("strain rate:\n" ,str_rate)

calc_str_rate (dNdX,velocities)
print("strain rate:\n" ,str_rate[0])
------------------

----- stdout -----
Velocity gradients
 [[  0.   0.]
 [  0. -10.]]
Velocity gradients
 [[  0.   0.]
 [  0. -10.]]
Velocity gradients
 [[  0.   0.]
 [  0. -10.]]
Velocity gradients
 [[  0.   0.]
 [  0. -10.]]
strain rate:
 [[[  0.   0.]
  [  0. -10.]]

 [[  0.   0.]
  [  0. -10.]]

 [[  0.   0.]
  [  0. -10.]]

 [[  0.   0.]
  [  0. -10.]]]
------------------

[1;31m---------------------------------------------------------------------------[0m
[1;31mNameError[0m                                 Traceback (most recent call last)
Cell [1;32mIn[7], line 11[0m
[0;32m      8[0m     [38;5;28mprint[39m([38;5;124m"[39m[38;5;124mstrain rate:[39m[38;5;130;01m\n[39;00m[38;5;124m"[39m ,str_rate)
[0;32m     10[0m calc_str_rate (dNdX,velocities)
[1;32m---> 11[0m [38;5;28mprint[39m([38;5;124m"[39m[38;5;124mstrain rate:[39m[38;5;130;01m\n[39;00m[38;5;124m"[39m ,[43mstr_rate[49m[[38;5;241m0[39m])

[1;31mNameError[0m: name 'str_rate' is not defined

